ThreadingAsyncTask/app/build/intermediates/manifest_merge_blame_file/debug/manifest-merger-blame-debug-report.txt
1<?xml version="1.0" encoding="utf-8"?>
2<manifest xmlns:android="http://schemas.android.com/apk/res/android"
3    package="course.examples.threading.threadingasynctask" >
4
5    <uses-sdk
6        android:minSdkVersion="23"
6-->src\main\AndroidManifest.xml
7        android:targetSdkVersion="28" />
7-->src\main\AndroidManifest.xml
8
9    <application
9-->src\main\AndroidManifest.xml:5:5-19:19
10        android:allowBackup="false"
10-->src\main\AndroidManifest.xml:6:9-36
11        android:debuggable="true"
12        android:icon="@mipmap/ic_launcher"
12-->src\main\AndroidManifest.xml:7:9-43
13        android:label="@string/app_name"
13-->src\main\AndroidManifest.xml:8:9-41
14        android:theme="@style/MaterialTheme" >
14-->src\main\AndroidManifest.xml:9:9-45
15        <activity
15-->src\main\AndroidManifest.xml:10:9-18:20
16            android:name="course.examples.threading.threadingasynctask.AsyncTaskActivity"
16-->src\main\AndroidManifest.xml:11:13-46
17            android:label="@string/app_name" >
17-->src\main\AndroidManifest.xml:12:13-45
18            <intent-filter>
18-->src\main\AndroidManifest.xml:13:13-17:29
19                <action android:name="android.intent.action.MAIN" />
19-->src\main\AndroidManifest.xml:14:17-69
19-->src\main\AndroidManifest.xml:14:25-66
20
21                <category android:name="android.intent.category.LAUNCHER" />
21-->src\main\AndroidManifest.xml:16:17-77
21-->src\main\AndroidManifest.xml:16:27-74
22            </intent-filter>
23        </activity>
24    </application>
25
26</manifest>